<?xml version="1.0" encoding="UTF-8"?>
<!-- Generated by org.testng.reporters.JUnitReportReporter -->
<testsuite skipped="0" hostname="L7JVZXC2" name="ExcelCopy.DriverExcel" tests="9" failures="0" timestamp="04 Aug 2018 17:55:08 GMT" time="0.031" errors="0">
  <testcase name="getTradeData" time="0.000" classname="ExcelCopy.DriverExcel"/>
  <testcase name="getTradeData" time="0.000" classname="ExcelCopy.DriverExcel"/>
  <testcase name="getTradeData" time="0.016" classname="ExcelCopy.DriverExcel"/>
  <testcase name="getTradeData" time="0.000" classname="ExcelCopy.DriverExcel"/>
  <testcase name="getTradeData" time="0.000" classname="ExcelCopy.DriverExcel"/>
  <testcase name="getTradeData" time="0.000" classname="ExcelCopy.DriverExcel"/>
  <testcase name="getTradeData" time="0.000" classname="ExcelCopy.DriverExcel"/>
  <testcase name="getTradeData" time="0.015" classname="ExcelCopy.DriverExcel"/>
  <testcase name="getTradeData" time="0.000" classname="ExcelCopy.DriverExcel"/>
</testsuite> <!-- ExcelCopy.DriverExcel -->
