<?xml version="1.0" encoding="UTF-8"?>
<!-- Generated by org.testng.reporters.JUnitReportReporter -->
<testsuite skipped="0" hostname="L7JVZXC2" name="ExcelLib.DriverExcel" tests="9" failures="0" timestamp="29 Mar 2018 14:37:58 GMT" time="0.047" errors="0">
  <testcase name="getTradeData" time="0.002" classname="ExcelLib.DriverExcel"/>
  <testcase name="getTradeData" time="0.003" classname="ExcelLib.DriverExcel"/>
  <testcase name="getTradeData" time="0.001" classname="ExcelLib.DriverExcel"/>
  <testcase name="getTradeData" time="0.001" classname="ExcelLib.DriverExcel"/>
  <testcase name="getTradeData" time="0.027" classname="ExcelLib.DriverExcel"/>
  <testcase name="getTradeData" time="0.002" classname="ExcelLib.DriverExcel"/>
  <testcase name="getTradeData" time="0.005" classname="ExcelLib.DriverExcel"/>
  <testcase name="getTradeData" time="0.004" classname="ExcelLib.DriverExcel"/>
  <testcase name="getTradeData" time="0.002" classname="ExcelLib.DriverExcel"/>
</testsuite> <!-- ExcelLib.DriverExcel -->
